<?xml version="1.0" encoding="UTF-8"?>
<!-- Generated by org.testng.reporters.JUnitXMLReporter -->
<testsuite hostname="Glenns-HP" ignored="0" name="ChromeTest" tests="3" failures="0" timestamp="25 Jul 2018 06:11:31 GMT" time="47.847" errors="0">
  <testcase name="navigateToLandingPage" time="9.657" classname="com.build.qa.shareyourcamp.selenium.tests.ShareYourCampTest"/>
  <testcase name="verifyDropDown" time="10.543" classname="com.build.qa.shareyourcamp.selenium.tests.ShareYourCampTest"/>
  <testcase name="verifyTitle" time="11.459" classname="com.build.qa.shareyourcamp.selenium.tests.ShareYourCampTest"/>
</testsuite> <!-- ChromeTest -->
