<?xml version="1.0" encoding="UTF-8"?>
<!-- Generated by org.testng.reporters.JUnitXMLReporter -->
<testsuite hostname="Glenns-HP" ignored="0" name="FirefoxTest" tests="3" failures="0" timestamp="26 Jul 2018 07:03:31 GMT" time="73.328" errors="0">
  <testcase name="navigateToLandingPage" time="12.3" classname="com.build.qa.shareyourcamp.selenium.tests.ShareYourCampTest"/>
  <testcase name="verifyDropDown" time="13.527" classname="com.build.qa.shareyourcamp.selenium.tests.ShareYourCampTest"/>
  <testcase name="verifyTitle" time="19.999" classname="com.build.qa.shareyourcamp.selenium.tests.ShareYourCampTest"/>
</testsuite> <!-- FirefoxTest -->
