<?xml version="1.0" encoding="UTF-8"?>
<!-- Generated by org.testng.reporters.JUnitXMLReporter -->
<testsuite hostname="Glenns-HP" ignored="0" name="IETest" tests="3" failures="0" timestamp="26 Jul 2018 07:04:55 GMT" time="83.466" errors="0">
  <testcase name="navigateToLandingPage" time="26.021" classname="com.build.qa.shareyourcamp.selenium.tests.ShareYourCampTest"/>
  <testcase name="verifyDropDown" time="22.33" classname="com.build.qa.shareyourcamp.selenium.tests.ShareYourCampTest"/>
  <testcase name="verifyTitle" time="23.782" classname="com.build.qa.shareyourcamp.selenium.tests.ShareYourCampTest"/>
</testsuite> <!-- IETest -->
