<?xml version="1.0" encoding="UTF-8"?>
<!-- Generated by org.testng.reporters.JUnitXMLReporter -->
<testsuite hostname="Glenns-HP" ignored="0" name="Test" tests="6" failures="3" timestamp="23 May 2018 07:54:07 GMT" time="104.664" errors="0">
  <testcase name="navigateToLandingPage" time="14.857" classname="com.build.qa.shareyourcamp.selenium.tests.ShareYourCampTest"/>
  <testcase name="setData" time="11.659" classname="com.build.qa.shareyourcamp.selenium.tests.ShareYourCampTest">
    <failure type="java.lang.AssertionError" message="expected:&amp;lt;Signed in as George&amp;gt; but was:&amp;lt;Login&amp;gt;">
      <![CDATA[java.lang.AssertionError: expected:<Signed in as George> but was:<Login>
at com.build.qa.shareyourcamp.selenium.tests.ShareYourCampTest.setData(ShareYourCampTest.java:100)
... Removed 27 stack frames]]>
    </failure>
  </testcase> <!-- setData -->
  <testcase name="setData" time="12.746" classname="com.build.qa.shareyourcamp.selenium.tests.ShareYourCampTest">
    <failure type="java.lang.AssertionError" message="expected:&amp;lt;Signed in as George&amp;gt; but was:&amp;lt;Login&amp;gt;">
      <![CDATA[java.lang.AssertionError: expected:<Signed in as George> but was:<Login>
at com.build.qa.shareyourcamp.selenium.tests.ShareYourCampTest.setData(ShareYourCampTest.java:100)
... Removed 27 stack frames]]>
    </failure>
  </testcase> <!-- setData -->
  <testcase name="setData" time="13.643" classname="com.build.qa.shareyourcamp.selenium.tests.ShareYourCampTest">
    <failure type="java.lang.AssertionError" message="expected:&amp;lt;Signed in as George&amp;gt; but was:&amp;lt;Login&amp;gt;">
      <![CDATA[java.lang.AssertionError: expected:<Signed in as George> but was:<Login>
at com.build.qa.shareyourcamp.selenium.tests.ShareYourCampTest.setData(ShareYourCampTest.java:100)
... Removed 27 stack frames]]>
    </failure>
  </testcase> <!-- setData -->
  <testcase name="setData" time="15.524" classname="com.build.qa.shareyourcamp.selenium.tests.ShareYourCampTest"/>
  <testcase name="verifyTitle" time="11.266" classname="com.build.qa.shareyourcamp.selenium.tests.ShareYourCampTest"/>
</testsuite> <!-- Test -->
