<?xml version="1.0" encoding="UTF-8"?>
<!-- Generated by org.testng.reporters.JUnitXMLReporter -->
<testsuite hostname="Glenns-HP" ignored="0" name="FirefoxTest" tests="3" failures="0" timestamp="25 Jul 2018 06:41:30 GMT" time="61.182" errors="0">
  <testcase name="navigateToLandingPage" time="10.695" classname="com.build.qa.shareyourcamp.selenium.tests.ShareYourCampTest"/>
  <testcase name="verifyDropDown" time="11.237" classname="com.build.qa.shareyourcamp.selenium.tests.ShareYourCampTest"/>
  <testcase name="verifyTitle" time="11.408" classname="com.build.qa.shareyourcamp.selenium.tests.ShareYourCampTest"/>
</testsuite> <!-- FirefoxTest -->
