<?xml version="1.0" encoding="UTF-8"?>
<testng-results skipped="0" failed="1" ignored="0" total="3" passed="2">
  <reporter-output>
  </reporter-output>
  <suite name="Surefire suite" duration-ms="50397" started-at="2019-02-06T11:26:18Z" finished-at="2019-02-06T11:27:09Z">
    <groups>
    </groups>
    <test name="Surefire test" duration-ms="50397" started-at="2019-02-06T11:26:18Z" finished-at="2019-02-06T11:27:09Z">
      <class name="com.build.qa.shareyourcamp.selenium.tests.ShareYourCampTest">
        <test-method status="PASS" signature="beforeClass()[pri:0, instance:com.build.qa.shareyourcamp.selenium.tests.ShareYourCampTest@5034c75a]" name="beforeClass" is-config="true" duration-ms="1791" started-at="2019-02-06T11:26:18Z" finished-at="2019-02-06T11:26:20Z">
          <reporter-output>
          </reporter-output>
        </test-method> <!-- beforeClass -->
        <test-method status="PASS" signature="setUpBefore(java.lang.String)[pri:0, instance:com.build.qa.shareyourcamp.selenium.tests.ShareYourCampTest@5034c75a]" name="setUpBefore" is-config="true" duration-ms="7639" started-at="2019-02-06T11:26:20Z" finished-at="2019-02-06T11:26:28Z">
          <params>
            <param index="0">
              <value>
                <![CDATA[chrome]]>
              </value>
            </param>
          </params>
          <reporter-output>
          </reporter-output>
        </test-method> <!-- setUpBefore -->
        <test-method status="FAIL" signature="navigateToLandingPage()[pri:0, instance:com.build.qa.shareyourcamp.selenium.tests.ShareYourCampTest@5034c75a]" name="navigateToLandingPage" duration-ms="3" started-at="2019-02-06T11:26:28Z" finished-at="2019-02-06T11:26:28Z">
          <exception class="java.lang.NoClassDefFoundError">
            <message>
              <![CDATA[com/aventstack/extentreports/reporter/ExtentHtmlReporter]]>
            </message>
            <full-stacktrace>
              <![CDATA[java.lang.NoClassDefFoundError: com/aventstack/extentreports/reporter/ExtentHtmlReporter
at com.build.qa.shareyourcamp.selenium.tests.ShareYourCampTest.navigateToLandingPage(ShareYourCampTest.java:48)
at sun.reflect.NativeMethodAccessorImpl.invoke0(Native Method)
at sun.reflect.NativeMethodAccessorImpl.invoke(NativeMethodAccessorImpl.java:62)
at sun.reflect.DelegatingMethodAccessorImpl.invoke(DelegatingMethodAccessorImpl.java:43)
at java.lang.reflect.Method.invoke(Method.java:498)
at org.testng.internal.MethodInvocationHelper.invokeMethod(MethodInvocationHelper.java:124)
at org.testng.internal.Invoker.invokeMethod(Invoker.java:580)
at org.testng.internal.Invoker.invokeTestMethod(Invoker.java:716)
at org.testng.internal.Invoker.invokeTestMethods(Invoker.java:988)
at org.testng.internal.TestMethodWorker.invokeTestMethods(TestMethodWorker.java:125)
at org.testng.internal.TestMethodWorker.run(TestMethodWorker.java:109)
at org.testng.TestRunner.privateRun(TestRunner.java:648)
at org.testng.TestRunner.run(TestRunner.java:505)
at org.testng.SuiteRunner.runTest(SuiteRunner.java:455)
at org.testng.SuiteRunner.runSequentially(SuiteRunner.java:450)
at org.testng.SuiteRunner.privateRun(SuiteRunner.java:415)
at org.testng.SuiteRunner.run(SuiteRunner.java:364)
at org.testng.SuiteRunnerWorker.runSuite(SuiteRunnerWorker.java:52)
at org.testng.SuiteRunnerWorker.run(SuiteRunnerWorker.java:84)
at org.testng.TestNG.runSuitesSequentially(TestNG.java:1208)
at org.testng.TestNG.runSuitesLocally(TestNG.java:1137)
at org.testng.TestNG.runSuites(TestNG.java:1049)
at org.testng.TestNG.run(TestNG.java:1017)
at org.apache.maven.surefire.testng.TestNGExecutor.run(TestNGExecutor.java:135)
at org.apache.maven.surefire.testng.TestNGDirectoryTestSuite.executeSingleClass(TestNGDirectoryTestSuite.java:112)
at org.apache.maven.surefire.testng.TestNGDirectoryTestSuite.execute(TestNGDirectoryTestSuite.java:99)
at org.apache.maven.surefire.testng.TestNGProvider.invoke(TestNGProvider.java:146)
at org.apache.maven.surefire.booter.ForkedBooter.invokeProviderInSameClassLoader(ForkedBooter.java:383)
at org.apache.maven.surefire.booter.ForkedBooter.runSuitesInProcess(ForkedBooter.java:344)
at org.apache.maven.surefire.booter.ForkedBooter.execute(ForkedBooter.java:125)
at org.apache.maven.surefire.booter.ForkedBooter.main(ForkedBooter.java:417)
Caused by: java.lang.ClassNotFoundException: com.aventstack.extentreports.reporter.ExtentHtmlReporter
at java.net.URLClassLoader.findClass(URLClassLoader.java:382)
at java.lang.ClassLoader.loadClass(ClassLoader.java:424)
at sun.misc.Launcher$AppClassLoader.loadClass(Launcher.java:349)
at java.lang.ClassLoader.loadClass(ClassLoader.java:357)
... 31 more
]]>
            </full-stacktrace>
          </exception> <!-- java.lang.NoClassDefFoundError -->
          <reporter-output>
          </reporter-output>
        </test-method> <!-- navigateToLandingPage -->
        <test-method status="PASS" signature="setUpBefore(java.lang.String)[pri:0, instance:com.build.qa.shareyourcamp.selenium.tests.ShareYourCampTest@5034c75a]" name="setUpBefore" is-config="true" duration-ms="4357" started-at="2019-02-06T11:26:28Z" finished-at="2019-02-06T11:26:32Z">
          <params>
            <param index="0">
              <value>
                <![CDATA[chrome]]>
              </value>
            </param>
          </params>
          <reporter-output>
          </reporter-output>
        </test-method> <!-- setUpBefore -->
        <test-method status="PASS" signature="verifyDropDown()[pri:0, instance:com.build.qa.shareyourcamp.selenium.tests.ShareYourCampTest@5034c75a]" name="verifyDropDown" duration-ms="16472" started-at="2019-02-06T11:26:32Z" finished-at="2019-02-06T11:26:49Z">
          <reporter-output>
          </reporter-output>
        </test-method> <!-- verifyDropDown -->
        <test-method status="PASS" signature="setUpBefore(java.lang.String)[pri:0, instance:com.build.qa.shareyourcamp.selenium.tests.ShareYourCampTest@5034c75a]" name="setUpBefore" is-config="true" duration-ms="4316" started-at="2019-02-06T11:26:49Z" finished-at="2019-02-06T11:26:53Z">
          <params>
            <param index="0">
              <value>
                <![CDATA[chrome]]>
              </value>
            </param>
          </params>
          <reporter-output>
          </reporter-output>
        </test-method> <!-- setUpBefore -->
        <test-method status="PASS" signature="verifyTitle()[pri:0, instance:com.build.qa.shareyourcamp.selenium.tests.ShareYourCampTest@5034c75a]" name="verifyTitle" duration-ms="15754" started-at="2019-02-06T11:26:53Z" finished-at="2019-02-06T11:27:09Z">
          <reporter-output>
          </reporter-output>
        </test-method> <!-- verifyTitle -->
      </class> <!-- com.build.qa.shareyourcamp.selenium.tests.ShareYourCampTest -->
    </test> <!-- Surefire test -->
  </suite> <!-- Surefire suite -->
</testng-results>
