<?xml version="1.0" encoding="UTF-8"?>
<testng-results skipped="0" failed="0" ignored="0" total="1" passed="1">
  <reporter-output>
  </reporter-output>
  <suite name="Suite" duration-ms="13242" started-at="2018-05-22T00:49:54Z" finished-at="2018-05-22T00:50:07Z">
    <groups>
    </groups>
    <test name="Test" duration-ms="13242" started-at="2018-05-22T00:49:54Z" finished-at="2018-05-22T00:50:07Z">
      <class name="com.build.qa.shareyourcamp.selenium.tests.ShareYourCampTest">
        <test-method status="PASS" signature="beforeClass()[pri:0, instance:com.build.qa.shareyourcamp.selenium.tests.ShareYourCampTest@ef309d]" name="beforeClass" is-config="true" duration-ms="227" started-at="2018-05-22T00:49:54Z" finished-at="2018-05-22T00:49:54Z">
          <reporter-output>
          </reporter-output>
        </test-method> <!-- beforeClass -->
        <test-method status="PASS" signature="setUpBefore()[pri:0, instance:com.build.qa.shareyourcamp.selenium.tests.ShareYourCampTest@ef309d]" name="setUpBefore" is-config="true" duration-ms="7634" started-at="2018-05-22T00:49:54Z" finished-at="2018-05-22T00:50:02Z">
          <reporter-output>
          </reporter-output>
        </test-method> <!-- setUpBefore -->
        <test-method status="PASS" signature="navigateToLandingPage()[pri:0, instance:com.build.qa.shareyourcamp.selenium.tests.ShareYourCampTest@ef309d]" name="navigateToLandingPage" duration-ms="3919" started-at="2018-05-22T00:50:02Z" finished-at="2018-05-22T00:50:06Z">
          <reporter-output>
          </reporter-output>
        </test-method> <!-- navigateToLandingPage -->
        <test-method status="PASS" signature="tearDownAfter()[pri:0, instance:com.build.qa.shareyourcamp.selenium.tests.ShareYourCampTest@ef309d]" name="tearDownAfter" is-config="true" duration-ms="1391" started-at="2018-05-22T00:50:06Z" finished-at="2018-05-22T00:50:07Z">
          <reporter-output>
          </reporter-output>
        </test-method> <!-- tearDownAfter -->
      </class> <!-- com.build.qa.shareyourcamp.selenium.tests.ShareYourCampTest -->
    </test> <!-- Test -->
  </suite> <!-- Suite -->
</testng-results>
