<?xml version="1.0" encoding="UTF-8"?>
<testng-results skipped="0" failed="2" ignored="0" total="2" passed="0">
  <reporter-output>
  </reporter-output>
  <suite name="Suite" duration-ms="31329" started-at="2018-05-22T10:53:40Z" finished-at="2018-05-22T10:54:12Z">
    <groups>
    </groups>
    <test name="Test" duration-ms="31329" started-at="2018-05-22T10:53:40Z" finished-at="2018-05-22T10:54:12Z">
      <class name="com.build.qa.shareyourcamp.selenium.tests.ShareYourCampTest">
        <test-method status="PASS" signature="beforeClass()[pri:0, instance:com.build.qa.shareyourcamp.selenium.tests.ShareYourCampTest@a01e23]" name="beforeClass" is-config="true" duration-ms="97" started-at="2018-05-22T10:53:40Z" finished-at="2018-05-22T10:53:41Z">
          <reporter-output>
          </reporter-output>
        </test-method> <!-- beforeClass -->
        <test-method status="PASS" signature="setUpBefore()[pri:0, instance:com.build.qa.shareyourcamp.selenium.tests.ShareYourCampTest@a01e23]" name="setUpBefore" is-config="true" duration-ms="6244" started-at="2018-05-22T10:53:41Z" finished-at="2018-05-22T10:53:47Z">
          <reporter-output>
          </reporter-output>
        </test-method> <!-- setUpBefore -->
        <test-method status="FAIL" signature="navigateToLandingPage()[pri:0, instance:com.build.qa.shareyourcamp.selenium.tests.ShareYourCampTest@a01e23]" name="navigateToLandingPage" duration-ms="10935" started-at="2018-05-22T10:53:47Z" finished-at="2018-05-22T10:53:58Z">
          <exception class="java.lang.NullPointerException">
            <full-stacktrace>
              <![CDATA[java.lang.NullPointerException
at com.build.qa.shareyourcamp.selenium.tests.ShareYourCampTest.navigateToLandingPage(ShareYourCampTest.java:34)
at sun.reflect.NativeMethodAccessorImpl.invoke0(Native Method)
at sun.reflect.NativeMethodAccessorImpl.invoke(Unknown Source)
at sun.reflect.DelegatingMethodAccessorImpl.invoke(Unknown Source)
at java.lang.reflect.Method.invoke(Unknown Source)
at org.testng.internal.MethodInvocationHelper.invokeMethod(MethodInvocationHelper.java:124)
at org.testng.internal.Invoker.invokeMethod(Invoker.java:580)
at org.testng.internal.Invoker.invokeTestMethod(Invoker.java:716)
at org.testng.internal.Invoker.invokeTestMethods(Invoker.java:988)
at org.testng.internal.TestMethodWorker.invokeTestMethods(TestMethodWorker.java:125)
at org.testng.internal.TestMethodWorker.run(TestMethodWorker.java:109)
at org.testng.TestRunner.privateRun(TestRunner.java:648)
at org.testng.TestRunner.run(TestRunner.java:505)
at org.testng.SuiteRunner.runTest(SuiteRunner.java:455)
at org.testng.SuiteRunner.runSequentially(SuiteRunner.java:450)
at org.testng.SuiteRunner.privateRun(SuiteRunner.java:415)
at org.testng.SuiteRunner.run(SuiteRunner.java:364)
at org.testng.SuiteRunnerWorker.runSuite(SuiteRunnerWorker.java:52)
at org.testng.SuiteRunnerWorker.run(SuiteRunnerWorker.java:84)
at org.testng.TestNG.runSuitesSequentially(TestNG.java:1208)
at org.testng.TestNG.runSuitesLocally(TestNG.java:1137)
at org.testng.TestNG.runSuites(TestNG.java:1049)
at org.testng.TestNG.run(TestNG.java:1017)
at org.testng.remote.AbstractRemoteTestNG.run(AbstractRemoteTestNG.java:114)
at org.testng.remote.RemoteTestNG.initAndRun(RemoteTestNG.java:251)
at org.testng.remote.RemoteTestNG.main(RemoteTestNG.java:77)
]]>
            </full-stacktrace>
          </exception> <!-- java.lang.NullPointerException -->
          <reporter-output>
          </reporter-output>
        </test-method> <!-- navigateToLandingPage -->
        <test-method status="PASS" signature="tearDownAfter()[pri:0, instance:com.build.qa.shareyourcamp.selenium.tests.ShareYourCampTest@a01e23]" name="tearDownAfter" is-config="true" duration-ms="3825" started-at="2018-05-22T10:53:58Z" finished-at="2018-05-22T10:54:02Z">
          <reporter-output>
          </reporter-output>
        </test-method> <!-- tearDownAfter -->
        <test-method status="PASS" signature="setUpBefore()[pri:0, instance:com.build.qa.shareyourcamp.selenium.tests.ShareYourCampTest@a01e23]" name="setUpBefore" is-config="true" duration-ms="3545" started-at="2018-05-22T10:54:02Z" finished-at="2018-05-22T10:54:05Z">
          <reporter-output>
          </reporter-output>
        </test-method> <!-- setUpBefore -->
        <test-method status="FAIL" signature="verifyTitle()[pri:0, instance:com.build.qa.shareyourcamp.selenium.tests.ShareYourCampTest@a01e23]" name="verifyTitle" duration-ms="5105" started-at="2018-05-22T10:54:05Z" finished-at="2018-05-22T10:54:10Z">
          <exception class="java.lang.NullPointerException">
            <full-stacktrace>
              <![CDATA[java.lang.NullPointerException
at com.build.qa.shareyourcamp.selenium.tests.ShareYourCampTest.verifyTitle(ShareYourCampTest.java:48)
at sun.reflect.NativeMethodAccessorImpl.invoke0(Native Method)
at sun.reflect.NativeMethodAccessorImpl.invoke(Unknown Source)
at sun.reflect.DelegatingMethodAccessorImpl.invoke(Unknown Source)
at java.lang.reflect.Method.invoke(Unknown Source)
at org.testng.internal.MethodInvocationHelper.invokeMethod(MethodInvocationHelper.java:124)
at org.testng.internal.Invoker.invokeMethod(Invoker.java:580)
at org.testng.internal.Invoker.invokeTestMethod(Invoker.java:716)
at org.testng.internal.Invoker.invokeTestMethods(Invoker.java:988)
at org.testng.internal.TestMethodWorker.invokeTestMethods(TestMethodWorker.java:125)
at org.testng.internal.TestMethodWorker.run(TestMethodWorker.java:109)
at org.testng.TestRunner.privateRun(TestRunner.java:648)
at org.testng.TestRunner.run(TestRunner.java:505)
at org.testng.SuiteRunner.runTest(SuiteRunner.java:455)
at org.testng.SuiteRunner.runSequentially(SuiteRunner.java:450)
at org.testng.SuiteRunner.privateRun(SuiteRunner.java:415)
at org.testng.SuiteRunner.run(SuiteRunner.java:364)
at org.testng.SuiteRunnerWorker.runSuite(SuiteRunnerWorker.java:52)
at org.testng.SuiteRunnerWorker.run(SuiteRunnerWorker.java:84)
at org.testng.TestNG.runSuitesSequentially(TestNG.java:1208)
at org.testng.TestNG.runSuitesLocally(TestNG.java:1137)
at org.testng.TestNG.runSuites(TestNG.java:1049)
at org.testng.TestNG.run(TestNG.java:1017)
at org.testng.remote.AbstractRemoteTestNG.run(AbstractRemoteTestNG.java:114)
at org.testng.remote.RemoteTestNG.initAndRun(RemoteTestNG.java:251)
at org.testng.remote.RemoteTestNG.main(RemoteTestNG.java:77)
]]>
            </full-stacktrace>
          </exception> <!-- java.lang.NullPointerException -->
          <reporter-output>
          </reporter-output>
        </test-method> <!-- verifyTitle -->
        <test-method status="PASS" signature="tearDownAfter()[pri:0, instance:com.build.qa.shareyourcamp.selenium.tests.ShareYourCampTest@a01e23]" name="tearDownAfter" is-config="true" duration-ms="1489" started-at="2018-05-22T10:54:10Z" finished-at="2018-05-22T10:54:12Z">
          <reporter-output>
          </reporter-output>
        </test-method> <!-- tearDownAfter -->
      </class> <!-- com.build.qa.shareyourcamp.selenium.tests.ShareYourCampTest -->
    </test> <!-- Test -->
  </suite> <!-- Suite -->
</testng-results>
